
May 13, 2018 09:24:06.05 NEW SESSION
May 13, 2018 09:24:06.05 [5332:13472:0513/092406.056:ERROR:in_progress_cache_impl.cc(93)] Could not read download entries from file because there was a read failure.
May 13, 2018 09:24:08.88 [5332:13308:0513/092408.888:ERROR:gpu_process_transport_factory.cc(1007)] Lost UI shared context.
May 13, 2018 09:24:58.81 Unable to read VR Path Registry from C:\Users\mohan\AppData\Local\openvr\openvrpaths.vrpath
May 13, 2018 09:24:58.82 [5332:13308:0513/092458.815:ERROR:CONSOLE(6)] "Uncaught ReferenceError: gbar is not defined", source: https://clients5.google.com/pagead/drt/dn/ (6)
May 13, 2018 09:33:11.20 [5332:13308:0513/093311.206:ERROR:CONSOLE(6)] "Uncaught ReferenceError: gbar is not defined", source: https://clients5.google.com/pagead/drt/dn/ (6)
May 13, 2018 10:10:18.59 [5332:12572:0513/101018.596:ERROR:socket_stream.cc(210)] Closing stream with result -101
May 13, 2018 10:32:36.93 [5332:13308:0513/103236.938:ERROR:CONSOLE(6)] "Uncaught ReferenceError: gbar is not defined", source: https://clients5.google.com/pagead/drt/dn/ (6)
May 13, 2018 10:43:48.27 [5332:13308:0513/104348.279:ERROR:CONSOLE(6)] "Uncaught ReferenceError: gbar is not defined", source: https://clients5.google.com/pagead/drt/dn/ (6)
May 13, 2018 10:51:18.44 [5332:13308:0513/105118.448:ERROR:CONSOLE(6)] "Uncaught ReferenceError: gbar is not defined", source: https://clients5.google.com/pagead/drt/dn/ (6)
May 13, 2018 11:12:04.77 [5332:13308:0513/111204.777:ERROR:CONSOLE(6)] "Uncaught ReferenceError: gbar is not defined", source: https://clients5.google.com/pagead/drt/dn/ (6)
May 13, 2018 11:19:25.58 [5332:13308:0513/111925.587:ERROR:CONSOLE(6)] "Uncaught ReferenceError: gbar is not defined", source: https://clients5.google.com/pagead/drt/dn/ (6)
May 13, 2018 11:24:18.67 [5332:13308:0513/112418.673:ERROR:CONSOLE(6)] "Uncaught ReferenceError: gbar is not defined", source: https://clients5.google.com/pagead/drt/dn/ (6)
May 13, 2018 11:27:08.80 [5332:13308:0513/112708.801:ERROR:CONSOLE(6)] "Uncaught ReferenceError: gbar is not defined", source: https://clients5.google.com/pagead/drt/dn/ (6)
May 13, 2018 12:02:44.06 [5332:13308:0513/120244.062:ERROR:CONSOLE(6)] "Uncaught ReferenceError: gbar is not defined", source: https://clients5.google.com/pagead/drt/dn/ (6)
May 13, 2018 12:03:38.94 [5332:13308:0513/120338.949:ERROR:CONSOLE(6)] "Uncaught ReferenceError: gbar is not defined", source: https://clients5.google.com/pagead/drt/dn/ (6)
May 13, 2018 13:31:34.61 [5332:12572:0513/133134.613:ERROR:socket_stream.cc(210)] Closing stream with result -101
May 13, 2018 13:36:36.60 [5332:13308:0513/133636.608:ERROR:CONSOLE(6)] "Uncaught ReferenceError: gbar is not defined", source: https://clients5.google.com/pagead/drt/dn/ (6)
May 13, 2018 14:06:17.25 [5332:12572:0513/140617.252:ERROR:connection_factory_impl.cc(416)] Failed to connect to MCS endpoint with error -106
May 13, 2018 14:06:45.85 [5332:12572:0513/140645.859:ERROR:connection_factory_impl.cc(416)] Failed to connect to MCS endpoint with error -106
May 13, 2018 14:07:32.78 [5332:12572:0513/140732.788:ERROR:connection_factory_impl.cc(416)] Failed to connect to MCS endpoint with error -106
May 13, 2018 14:09:05.31 [5332:12572:0513/140905.316:ERROR:connection_factory_impl.cc(416)] Failed to connect to MCS endpoint with error -106
May 13, 2018 14:12:49.33 [5332:12572:0513/141249.339:ERROR:connection_factory_impl.cc(416)] Failed to connect to MCS endpoint with error -106
May 13, 2018 14:15:24.61 [5332:14664:0513/141524.610:ERROR:get_updates_processor.cc(244)] PostClientToServerMessage() failed during GetUpdates
May 13, 2018 14:15:57.18 [5332:12572:0513/141557.182:ERROR:connection_factory_impl.cc(416)] Failed to connect to MCS endpoint with error -21
May 13, 2018 14:26:25.92 [5332:13308:0513/142625.925:ERROR:CONSOLE(6)] "Uncaught ReferenceError: gbar is not defined", source: https://clients5.google.com/pagead/drt/dn/ (6)
May 13, 2018 14:37:37.61 [5332:12572:0513/143737.610:ERROR:connection_factory_impl.cc(416)] Failed to connect to MCS endpoint with error -106
May 13, 2018 14:37:56.29 [5332:12572:0513/143756.299:ERROR:connection_factory_impl.cc(416)] Failed to connect to MCS endpoint with error -21
May 13, 2018 14:56:58.30 [5332:12572:0513/145658.306:ERROR:connection_factory_impl.cc(416)] Failed to connect to MCS endpoint with error -106
May 13, 2018 15:22:45.19 [5332:12572:0513/152245.194:ERROR:socket_stream.cc(210)] Closing stream with result -101
May 13, 2018 15:37:02.48 [5332:13308:0513/153702.482:ERROR:CONSOLE(6)] "Uncaught ReferenceError: gbar is not defined", source: https://clients5.google.com/pagead/drt/dn/ (6)

May 15, 2018 24:14:40.94 NEW SESSION
May 15, 2018 24:14:40.94 [10572:5752:0515/001440.926:ERROR:in_progress_cache_impl.cc(93)] Could not read download entries from file because there was a read failure.
May 15, 2018 24:14:41.05 [10572:17964:0515/001441.056:ERROR:in_progress_cache_impl.cc(189)] Cache is not initialized, cannot RetrieveEntry.
May 15, 2018 24:14:41.34 [10572:17964:0515/001441.056:ERROR:in_progress_cache_impl.cc(189)] Cache is not initialized, cannot RetrieveEntry.
May 15, 2018 24:14:41.40 [10572:17964:0515/001441.056:ERROR:in_progress_cache_impl.cc(189)] Cache is not initialized, cannot RetrieveEntry.
May 15, 2018 24:14:41.44 [10572:17964:0515/001441.056:ERROR:in_progress_cache_impl.cc(189)] Cache is not initialized, cannot RetrieveEntry.
May 15, 2018 24:14:41.48 [10572:17964:0515/001441.056:ERROR:in_progress_cache_impl.cc(189)] Cache is not initialized, cannot RetrieveEntry.
May 15, 2018 24:14:41.52 [10572:17964:0515/001441.056:ERROR:in_progress_cache_impl.cc(189)] Cache is not initialized, cannot RetrieveEntry.
May 15, 2018 24:14:41.54 [10572:17964:0515/001441.056:ERROR:in_progress_cache_impl.cc(189)] Cache is not initialized, cannot RetrieveEntry.
May 15, 2018 24:14:41.55 [10572:17964:0515/001441.056:ERROR:in_progress_cache_impl.cc(189)] Cache is not initialized, cannot RetrieveEntry.
May 15, 2018 24:14:41.56 [10572:17964:0515/001441.056:ERROR:in_progress_cache_impl.cc(189)] Cache is not initialized, cannot RetrieveEntry.
May 15, 2018 24:14:41.57 [10572:17964:0515/001441.056:ERROR:in_progress_cache_impl.cc(189)] Cache is not initialized, cannot RetrieveEntry.
May 15, 2018 24:14:41.58 [10572:17964:0515/001441.056:ERROR:in_progress_cache_impl.cc(189)] Cache is not initialized, cannot RetrieveEntry.
May 15, 2018 24:14:41.59 [10572:17964:0515/001441.056:ERROR:in_progress_cache_impl.cc(189)] Cache is not initialized, cannot RetrieveEntry.
May 15, 2018 24:14:41.60 [10572:17964:0515/001441.056:ERROR:in_progress_cache_impl.cc(189)] Cache is not initialized, cannot RetrieveEntry.
May 15, 2018 24:14:41.61 [10572:17964:0515/001441.056:ERROR:in_progress_cache_impl.cc(189)] Cache is not initialized, cannot RetrieveEntry.
May 15, 2018 24:14:41.62 [10572:17964:0515/001441.056:ERROR:in_progress_cache_impl.cc(189)] Cache is not initialized, cannot RetrieveEntry.
May 15, 2018 24:14:41.63 [10572:17964:0515/001441.056:ERROR:in_progress_cache_impl.cc(189)] Cache is not initialized, cannot RetrieveEntry.
May 15, 2018 24:14:41.64 [10572:17964:0515/001441.056:ERROR:in_progress_cache_impl.cc(189)] Cache is not initialized, cannot RetrieveEntry.
May 15, 2018 24:14:41.65 [10572:17964:0515/001441.056:ERROR:in_progress_cache_impl.cc(189)] Cache is not initialized, cannot RetrieveEntry.
May 15, 2018 24:14:41.66 [10572:17964:0515/001441.056:ERROR:in_progress_cache_impl.cc(189)] Cache is not initialized, cannot RetrieveEntry.
May 15, 2018 24:14:41.71 [10572:17964:0515/001441.056:ERROR:in_progress_cache_impl.cc(189)] Cache is not initialized, cannot RetrieveEntry.
May 15, 2018 24:14:41.73 [10572:17964:0515/001441.056:ERROR:in_progress_cache_impl.cc(189)] Cache is not initialized, cannot RetrieveEntry.
May 15, 2018 24:14:41.76 [10572:17964:0515/001441.056:ERROR:in_progress_cache_impl.cc(189)] Cache is not initialized, cannot RetrieveEntry.
May 15, 2018 24:14:41.77 [10572:17964:0515/001441.056:ERROR:in_progress_cache_impl.cc(189)] Cache is not initialized, cannot RetrieveEntry.
May 15, 2018 24:14:41.78 [10572:17964:0515/001441.056:ERROR:in_progress_cache_impl.cc(189)] Cache is not initialized, cannot RetrieveEntry.
May 15, 2018 24:14:41.80 [10572:17964:0515/001441.056:ERROR:in_progress_cache_impl.cc(189)] Cache is not initialized, cannot RetrieveEntry.
May 15, 2018 24:14:41.82 [10572:17964:0515/001441.056:ERROR:in_progress_cache_impl.cc(189)] Cache is not initialized, cannot RetrieveEntry.
May 15, 2018 24:14:41.85 [10572:17964:0515/001441.056:ERROR:in_progress_cache_impl.cc(189)] Cache is not initialized, cannot RetrieveEntry.
May 15, 2018 24:14:41.88 [10572:17964:0515/001441.056:ERROR:in_progress_cache_impl.cc(189)] Cache is not initialized, cannot RetrieveEntry.
May 15, 2018 24:14:41.90 [10572:17964:0515/001441.056:ERROR:in_progress_cache_impl.cc(189)] Cache is not initialized, cannot RetrieveEntry.
May 15, 2018 24:14:41.91 [10572:17964:0515/001441.056:ERROR:in_progress_cache_impl.cc(189)] Cache is not initialized, cannot RetrieveEntry.
May 15, 2018 24:14:41.93 [10572:17964:0515/001441.056:ERROR:in_progress_cache_impl.cc(189)] Cache is not initialized, cannot RetrieveEntry.
May 15, 2018 24:14:41.94 [10572:17964:0515/001441.056:ERROR:in_progress_cache_impl.cc(189)] Cache is not initialized, cannot RetrieveEntry.
May 15, 2018 24:14:41.95 [10572:17964:0515/001441.056:ERROR:in_progress_cache_impl.cc(189)] Cache is not initialized, cannot RetrieveEntry.
May 15, 2018 24:14:41.96 [10572:17964:0515/001441.056:ERROR:in_progress_cache_impl.cc(189)] Cache is not initialized, cannot RetrieveEntry.
May 15, 2018 24:14:41.98 [10572:17964:0515/001441.056:ERROR:in_progress_cache_impl.cc(189)] Cache is not initialized, cannot RetrieveEntry.
May 15, 2018 24:14:42.01 [10572:17964:0515/001441.056:ERROR:in_progress_cache_impl.cc(189)] Cache is not initialized, cannot RetrieveEntry.
May 15, 2018 24:14:42.02 [10572:17964:0515/001441.056:ERROR:in_progress_cache_impl.cc(189)] Cache is not initialized, cannot RetrieveEntry.
May 15, 2018 24:14:42.03 [10572:17964:0515/001441.056:ERROR:in_progress_cache_impl.cc(189)] Cache is not initialized, cannot RetrieveEntry.
May 15, 2018 24:14:42.03 [10572:17964:0515/001441.056:ERROR:in_progress_cache_impl.cc(189)] Cache is not initialized, cannot RetrieveEntry.
May 15, 2018 24:14:42.04 [10572:17964:0515/001441.056:ERROR:in_progress_cache_impl.cc(189)] Cache is not initialized, cannot RetrieveEntry.
May 15, 2018 24:14:42.05 [10572:17964:0515/001441.056:ERROR:in_progress_cache_impl.cc(189)] Cache is not initialized, cannot RetrieveEntry.
May 15, 2018 24:14:42.06 [10572:17964:0515/001441.056:ERROR:in_progress_cache_impl.cc(189)] Cache is not initialized, cannot RetrieveEntry.
May 15, 2018 24:14:42.07 [10572:17964:0515/001441.056:ERROR:in_progress_cache_impl.cc(189)] Cache is not initialized, cannot RetrieveEntry.
May 15, 2018 24:14:42.08 [10572:17964:0515/001441.064:ERROR:gpu_process_transport_factory.cc(1007)] Lost UI shared context.
May 15, 2018 24:19:14.71 Unable to read VR Path Registry from C:\Users\mohan\AppData\Local\openvr\openvrpaths.vrpath
May 15, 2018 24:19:29.77 [8128:8752:0515/001929.777:ERROR:in_progress_cache_impl.cc(93)] Could not read download entries from file because there was a read failure.
May 15, 2018 24:19:29.91 [8128:3840:0515/001929.908:ERROR:in_progress_cache_impl.cc(189)] Cache is not initialized, cannot RetrieveEntry.
May 15, 2018 24:19:29.98 [8128:3840:0515/001929.908:ERROR:in_progress_cache_impl.cc(189)] Cache is not initialized, cannot RetrieveEntry.
May 15, 2018 24:19:30.06 [8128:3840:0515/001929.908:ERROR:in_progress_cache_impl.cc(189)] Cache is not initialized, cannot RetrieveEntry.
May 15, 2018 24:19:30.22 [8128:3840:0515/001929.908:ERROR:in_progress_cache_impl.cc(189)] Cache is not initialized, cannot RetrieveEntry.
May 15, 2018 24:19:30.29 [8128:3840:0515/001929.908:ERROR:in_progress_cache_impl.cc(189)] Cache is not initialized, cannot RetrieveEntry.
May 15, 2018 24:19:30.37 [8128:3840:0515/001929.908:ERROR:in_progress_cache_impl.cc(189)] Cache is not initialized, cannot RetrieveEntry.
May 15, 2018 24:19:30.41 [8128:3840:0515/001929.908:ERROR:in_progress_cache_impl.cc(189)] Cache is not initialized, cannot RetrieveEntry.
May 15, 2018 24:19:30.44 [8128:3840:0515/001929.908:ERROR:in_progress_cache_impl.cc(189)] Cache is not initialized, cannot RetrieveEntry.
May 15, 2018 24:19:30.45 [8128:3840:0515/001929.908:ERROR:in_progress_cache_impl.cc(189)] Cache is not initialized, cannot RetrieveEntry.
May 15, 2018 24:19:30.47 [8128:3840:0515/001929.908:ERROR:in_progress_cache_impl.cc(189)] Cache is not initialized, cannot RetrieveEntry.
May 15, 2018 24:19:30.48 [8128:3840:0515/001929.908:ERROR:in_progress_cache_impl.cc(189)] Cache is not initialized, cannot RetrieveEntry.
May 15, 2018 24:19:30.49 [8128:3840:0515/001929.908:ERROR:in_progress_cache_impl.cc(189)] Cache is not initialized, cannot RetrieveEntry.
May 15, 2018 24:19:30.50 [8128:3840:0515/001929.908:ERROR:in_progress_cache_impl.cc(189)] Cache is not initialized, cannot RetrieveEntry.
May 15, 2018 24:19:30.50 [8128:3840:0515/001929.908:ERROR:in_progress_cache_impl.cc(189)] Cache is not initialized, cannot RetrieveEntry.
May 15, 2018 24:19:30.51 [8128:3840:0515/001929.908:ERROR:in_progress_cache_impl.cc(189)] Cache is not initialized, cannot RetrieveEntry.
May 15, 2018 24:19:30.52 [8128:3840:0515/001929.908:ERROR:in_progress_cache_impl.cc(189)] Cache is not initialized, cannot RetrieveEntry.
May 15, 2018 24:19:30.53 [8128:3840:0515/001929.908:ERROR:in_progress_cache_impl.cc(189)] Cache is not initialized, cannot RetrieveEntry.
May 15, 2018 24:19:30.54 [8128:3840:0515/001929.908:ERROR:in_progress_cache_impl.cc(189)] Cache is not initialized, cannot RetrieveEntry.
May 15, 2018 24:19:30.55 [8128:3840:0515/001929.908:ERROR:in_progress_cache_impl.cc(189)] Cache is not initialized, cannot RetrieveEntry.
May 15, 2018 24:19:30.57 [8128:3840:0515/001929.908:ERROR:in_progress_cache_impl.cc(189)] Cache is not initialized, cannot RetrieveEntry.
May 15, 2018 24:19:30.58 [8128:3840:0515/001929.908:ERROR:in_progress_cache_impl.cc(189)] Cache is not initialized, cannot RetrieveEntry.
May 15, 2018 24:19:30.59 [8128:3840:0515/001929.908:ERROR:in_progress_cache_impl.cc(189)] Cache is not initialized, cannot RetrieveEntry.
May 15, 2018 24:19:30.61 [8128:3840:0515/001929.908:ERROR:in_progress_cache_impl.cc(189)] Cache is not initialized, cannot RetrieveEntry.
May 15, 2018 24:19:30.64 [8128:3840:0515/001929.908:ERROR:in_progress_cache_impl.cc(189)] Cache is not initialized, cannot RetrieveEntry.
May 15, 2018 24:19:30.66 [8128:3840:0515/001929.908:ERROR:in_progress_cache_impl.cc(189)] Cache is not initialized, cannot RetrieveEntry.
May 15, 2018 24:19:30.67 [8128:3840:0515/001929.908:ERROR:in_progress_cache_impl.cc(189)] Cache is not initialized, cannot RetrieveEntry.
May 15, 2018 24:19:30.68 [8128:3840:0515/001929.908:ERROR:in_progress_cache_impl.cc(189)] Cache is not initialized, cannot RetrieveEntry.
May 15, 2018 24:19:30.69 [8128:3840:0515/001929.908:ERROR:in_progress_cache_impl.cc(189)] Cache is not initialized, cannot RetrieveEntry.
May 15, 2018 24:19:30.70 [8128:3840:0515/001929.908:ERROR:in_progress_cache_impl.cc(189)] Cache is not initialized, cannot RetrieveEntry.
May 15, 2018 24:19:30.71 [8128:3840:0515/001929.908:ERROR:in_progress_cache_impl.cc(189)] Cache is not initialized, cannot RetrieveEntry.
May 15, 2018 24:19:30.71 [8128:3840:0515/001929.908:ERROR:in_progress_cache_impl.cc(189)] Cache is not initialized, cannot RetrieveEntry.
May 15, 2018 24:19:30.72 [8128:3840:0515/001929.908:ERROR:in_progress_cache_impl.cc(189)] Cache is not initialized, cannot RetrieveEntry.
May 15, 2018 24:19:30.73 [8128:3840:0515/001929.908:ERROR:in_progress_cache_impl.cc(189)] Cache is not initialized, cannot RetrieveEntry.
May 15, 2018 24:19:30.75 [8128:3840:0515/001929.908:ERROR:in_progress_cache_impl.cc(189)] Cache is not initialized, cannot RetrieveEntry.
May 15, 2018 24:19:30.77 [8128:3840:0515/001929.908:ERROR:in_progress_cache_impl.cc(189)] Cache is not initialized, cannot RetrieveEntry.
May 15, 2018 24:19:30.78 [8128:3840:0515/001929.908:ERROR:in_progress_cache_impl.cc(189)] Cache is not initialized, cannot RetrieveEntry.
May 15, 2018 24:19:30.79 [8128:3840:0515/001929.908:ERROR:in_progress_cache_impl.cc(189)] Cache is not initialized, cannot RetrieveEntry.
May 15, 2018 24:19:30.80 [8128:3840:0515/001929.908:ERROR:in_progress_cache_impl.cc(189)] Cache is not initialized, cannot RetrieveEntry.
May 15, 2018 24:19:30.81 [8128:3840:0515/001929.918:ERROR:in_progress_cache_impl.cc(189)] Cache is not initialized, cannot RetrieveEntry.
May 15, 2018 24:19:30.82 [8128:3840:0515/001929.918:ERROR:in_progress_cache_impl.cc(189)] Cache is not initialized, cannot RetrieveEntry.
May 15, 2018 24:19:30.83 [8128:3840:0515/001929.918:ERROR:in_progress_cache_impl.cc(189)] Cache is not initialized, cannot RetrieveEntry.
May 15, 2018 24:19:30.84 [8128:3840:0515/001929.918:ERROR:in_progress_cache_impl.cc(189)] Cache is not initialized, cannot RetrieveEntry.
May 15, 2018 24:19:30.85 [8128:3840:0515/001929.918:ERROR:in_progress_cache_impl.cc(189)] Cache is not initialized, cannot RetrieveEntry.
May 15, 2018 24:19:30.86 [8128:3840:0515/001929.926:ERROR:gpu_process_transport_factory.cc(1007)] Lost UI shared context.
May 15, 2018 24:26:36.88 Unable to read VR Path Registry from C:\Users\mohan\AppData\Local\openvr\openvrpaths.vrpath
May 15, 2018 24:26:41.37 [13972:1464:0515/002641.376:ERROR:in_progress_cache_impl.cc(93)] Could not read download entries from file because there was a read failure.
May 15, 2018 24:26:41.51 [13972:16300:0515/002641.503:ERROR:in_progress_cache_impl.cc(189)] Cache is not initialized, cannot RetrieveEntry.
May 15, 2018 24:26:41.58 [13972:16300:0515/002641.503:ERROR:in_progress_cache_impl.cc(189)] Cache is not initialized, cannot RetrieveEntry.
May 15, 2018 24:26:41.70 [13972:16300:0515/002641.503:ERROR:in_progress_cache_impl.cc(189)] Cache is not initialized, cannot RetrieveEntry.
May 15, 2018 24:26:41.79 [13972:16300:0515/002641.503:ERROR:in_progress_cache_impl.cc(189)] Cache is not initialized, cannot RetrieveEntry.
May 15, 2018 24:26:41.85 [13972:16300:0515/002641.503:ERROR:in_progress_cache_impl.cc(189)] Cache is not initialized, cannot RetrieveEntry.
May 15, 2018 24:26:41.89 [13972:16300:0515/002641.503:ERROR:in_progress_cache_impl.cc(189)] Cache is not initialized, cannot RetrieveEntry.
May 15, 2018 24:26:41.95 [13972:16300:0515/002641.503:ERROR:in_progress_cache_impl.cc(189)] Cache is not initialized, cannot RetrieveEntry.
May 15, 2018 24:26:41.98 [13972:16300:0515/002641.503:ERROR:in_progress_cache_impl.cc(189)] Cache is not initialized, cannot RetrieveEntry.
May 15, 2018 24:26:42.02 [13972:16300:0515/002641.503:ERROR:in_progress_cache_impl.cc(189)] Cache is not initialized, cannot RetrieveEntry.
May 15, 2018 24:26:42.03 [13972:16300:0515/002641.503:ERROR:in_progress_cache_impl.cc(189)] Cache is not initialized, cannot RetrieveEntry.
May 15, 2018 24:26:42.04 [13972:16300:0515/002641.503:ERROR:in_progress_cache_impl.cc(189)] Cache is not initialized, cannot RetrieveEntry.
May 15, 2018 24:26:42.05 [13972:16300:0515/002641.503:ERROR:in_progress_cache_impl.cc(189)] Cache is not initialized, cannot RetrieveEntry.
May 15, 2018 24:26:42.08 [13972:16300:0515/002641.503:ERROR:in_progress_cache_impl.cc(189)] Cache is not initialized, cannot RetrieveEntry.
May 15, 2018 24:26:42.09 [13972:16300:0515/002641.503:ERROR:in_progress_cache_impl.cc(189)] Cache is not initialized, cannot RetrieveEntry.
May 15, 2018 24:26:42.10 [13972:16300:0515/002641.503:ERROR:in_progress_cache_impl.cc(189)] Cache is not initialized, cannot RetrieveEntry.
May 15, 2018 24:26:42.11 [13972:16300:0515/002641.503:ERROR:in_progress_cache_impl.cc(189)] Cache is not initialized, cannot RetrieveEntry.
May 15, 2018 24:26:42.12 [13972:16300:0515/002641.503:ERROR:in_progress_cache_impl.cc(189)] Cache is not initialized, cannot RetrieveEntry.
May 15, 2018 24:26:42.13 [13972:16300:0515/002641.503:ERROR:in_progress_cache_impl.cc(189)] Cache is not initialized, cannot RetrieveEntry.
May 15, 2018 24:26:42.14 [13972:16300:0515/002641.503:ERROR:in_progress_cache_impl.cc(189)] Cache is not initialized, cannot RetrieveEntry.
May 15, 2018 24:26:42.15 [13972:16300:0515/002641.503:ERROR:in_progress_cache_impl.cc(189)] Cache is not initialized, cannot RetrieveEntry.
May 15, 2018 24:26:42.17 [13972:16300:0515/002641.503:ERROR:in_progress_cache_impl.cc(189)] Cache is not initialized, cannot RetrieveEntry.
May 15, 2018 24:26:42.20 [13972:16300:0515/002641.503:ERROR:in_progress_cache_impl.cc(189)] Cache is not initialized, cannot RetrieveEntry.
May 15, 2018 24:26:42.24 [13972:16300:0515/002641.503:ERROR:in_progress_cache_impl.cc(189)] Cache is not initialized, cannot RetrieveEntry.
May 15, 2018 24:26:42.26 [13972:16300:0515/002641.503:ERROR:in_progress_cache_impl.cc(189)] Cache is not initialized, cannot RetrieveEntry.
May 15, 2018 24:26:42.27 [13972:16300:0515/002641.503:ERROR:in_progress_cache_impl.cc(189)] Cache is not initialized, cannot RetrieveEntry.
May 15, 2018 24:26:42.28 [13972:16300:0515/002641.503:ERROR:in_progress_cache_impl.cc(189)] Cache is not initialized, cannot RetrieveEntry.
May 15, 2018 24:26:42.29 [13972:16300:0515/002641.503:ERROR:in_progress_cache_impl.cc(189)] Cache is not initialized, cannot RetrieveEntry.
May 15, 2018 24:26:42.30 [13972:16300:0515/002641.503:ERROR:in_progress_cache_impl.cc(189)] Cache is not initialized, cannot RetrieveEntry.
May 15, 2018 24:26:42.31 [13972:16300:0515/002641.503:ERROR:in_progress_cache_impl.cc(189)] Cache is not initialized, cannot RetrieveEntry.
May 15, 2018 24:26:42.32 [13972:16300:0515/002641.503:ERROR:in_progress_cache_impl.cc(189)] Cache is not initialized, cannot RetrieveEntry.
May 15, 2018 24:26:42.33 [13972:16300:0515/002641.503:ERROR:in_progress_cache_impl.cc(189)] Cache is not initialized, cannot RetrieveEntry.
May 15, 2018 24:26:42.34 [13972:16300:0515/002641.503:ERROR:in_progress_cache_impl.cc(189)] Cache is not initialized, cannot RetrieveEntry.
May 15, 2018 24:26:42.38 [13972:16300:0515/002641.503:ERROR:in_progress_cache_impl.cc(189)] Cache is not initialized, cannot RetrieveEntry.
May 15, 2018 24:26:42.39 [13972:16300:0515/002641.503:ERROR:in_progress_cache_impl.cc(189)] Cache is not initialized, cannot RetrieveEntry.
May 15, 2018 24:26:42.40 [13972:16300:0515/002641.503:ERROR:in_progress_cache_impl.cc(189)] Cache is not initialized, cannot RetrieveEntry.
May 15, 2018 24:26:42.41 [13972:16300:0515/002641.503:ERROR:in_progress_cache_impl.cc(189)] Cache is not initialized, cannot RetrieveEntry.
May 15, 2018 24:26:42.42 [13972:16300:0515/002641.503:ERROR:in_progress_cache_impl.cc(189)] Cache is not initialized, cannot RetrieveEntry.
May 15, 2018 24:26:42.44 [13972:16300:0515/002641.513:ERROR:in_progress_cache_impl.cc(189)] Cache is not initialized, cannot RetrieveEntry.
May 15, 2018 24:26:42.46 [13972:16300:0515/002641.513:ERROR:in_progress_cache_impl.cc(189)] Cache is not initialized, cannot RetrieveEntry.
May 15, 2018 24:26:42.48 [13972:16300:0515/002641.513:ERROR:in_progress_cache_impl.cc(189)] Cache is not initialized, cannot RetrieveEntry.
May 15, 2018 24:26:42.49 [13972:16300:0515/002641.513:ERROR:in_progress_cache_impl.cc(189)] Cache is not initialized, cannot RetrieveEntry.
May 15, 2018 24:26:42.51 [13972:16300:0515/002641.513:ERROR:in_progress_cache_impl.cc(189)] Cache is not initialized, cannot RetrieveEntry.
May 15, 2018 24:26:42.52 [13972:16300:0515/002641.513:ERROR:in_progress_cache_impl.cc(189)] Cache is not initialized, cannot RetrieveEntry.
May 15, 2018 24:26:42.54 [13972:16300:0515/002641.521:ERROR:gpu_process_transport_factory.cc(1007)] Lost UI shared context.
May 15, 2018 24:27:05.87 [7764:6292:0515/002705.878:ERROR:in_progress_cache_impl.cc(93)] Could not read download entries from file because there was a read failure.
May 15, 2018 24:27:06.03 [7764:15452:0515/002706.023:ERROR:in_progress_cache_impl.cc(189)] Cache is not initialized, cannot RetrieveEntry.
May 15, 2018 24:27:06.09 [7764:15452:0515/002706.023:ERROR:in_progress_cache_impl.cc(189)] Cache is not initialized, cannot RetrieveEntry.
May 15, 2018 24:27:06.10 [7764:15452:0515/002706.023:ERROR:in_progress_cache_impl.cc(189)] Cache is not initialized, cannot RetrieveEntry.
May 15, 2018 24:27:06.19 [7764:15452:0515/002706.023:ERROR:in_progress_cache_impl.cc(189)] Cache is not initialized, cannot RetrieveEntry.
May 15, 2018 24:27:06.25 [7764:15452:0515/002706.023:ERROR:in_progress_cache_impl.cc(189)] Cache is not initialized, cannot RetrieveEntry.
May 15, 2018 24:27:06.30 [7764:15452:0515/002706.023:ERROR:in_progress_cache_impl.cc(189)] Cache is not initialized, cannot RetrieveEntry.
May 15, 2018 24:27:06.34 [7764:15452:0515/002706.023:ERROR:in_progress_cache_impl.cc(189)] Cache is not initialized, cannot RetrieveEntry.
May 15, 2018 24:27:06.38 [7764:15452:0515/002706.023:ERROR:in_progress_cache_impl.cc(189)] Cache is not initialized, cannot RetrieveEntry.
May 15, 2018 24:27:06.41 [7764:15452:0515/002706.023:ERROR:in_progress_cache_impl.cc(189)] Cache is not initialized, cannot RetrieveEntry.
May 15, 2018 24:27:06.44 [7764:15452:0515/002706.023:ERROR:in_progress_cache_impl.cc(189)] Cache is not initialized, cannot RetrieveEntry.
May 15, 2018 24:27:06.45 [7764:15452:0515/002706.023:ERROR:in_progress_cache_impl.cc(189)] Cache is not initialized, cannot RetrieveEntry.
May 15, 2018 24:27:06.47 [7764:15452:0515/002706.023:ERROR:in_progress_cache_impl.cc(189)] Cache is not initialized, cannot RetrieveEntry.
May 15, 2018 24:27:06.49 [7764:15452:0515/002706.023:ERROR:in_progress_cache_impl.cc(189)] Cache is not initialized, cannot RetrieveEntry.
May 15, 2018 24:27:06.52 [7764:15452:0515/002706.023:ERROR:in_progress_cache_impl.cc(189)] Cache is not initialized, cannot RetrieveEntry.
May 15, 2018 24:27:06.54 [7764:15452:0515/002706.023:ERROR:in_progress_cache_impl.cc(189)] Cache is not initialized, cannot RetrieveEntry.
May 15, 2018 24:27:06.56 [7764:15452:0515/002706.023:ERROR:in_progress_cache_impl.cc(189)] Cache is not initialized, cannot RetrieveEntry.
May 15, 2018 24:27:06.57 [7764:15452:0515/002706.023:ERROR:in_progress_cache_impl.cc(189)] Cache is not initialized, cannot RetrieveEntry.
May 15, 2018 24:27:06.59 [7764:15452:0515/002706.023:ERROR:in_progress_cache_impl.cc(189)] Cache is not initialized, cannot RetrieveEntry.
May 15, 2018 24:27:06.61 [7764:15452:0515/002706.023:ERROR:in_progress_cache_impl.cc(189)] Cache is not initialized, cannot RetrieveEntry.
May 15, 2018 24:27:06.61 [7764:15452:0515/002706.023:ERROR:in_progress_cache_impl.cc(189)] Cache is not initialized, cannot RetrieveEntry.
May 15, 2018 24:27:06.62 [7764:15452:0515/002706.023:ERROR:in_progress_cache_impl.cc(189)] Cache is not initialized, cannot RetrieveEntry.
May 15, 2018 24:27:06.64 [7764:15452:0515/002706.023:ERROR:in_progress_cache_impl.cc(189)] Cache is not initialized, cannot RetrieveEntry.
May 15, 2018 24:27:06.65 [7764:15452:0515/002706.023:ERROR:in_progress_cache_impl.cc(189)] Cache is not initialized, cannot RetrieveEntry.
May 15, 2018 24:27:06.65 [7764:15452:0515/002706.023:ERROR:in_progress_cache_impl.cc(189)] Cache is not initialized, cannot RetrieveEntry.
May 15, 2018 24:27:06.66 [7764:15452:0515/002706.023:ERROR:in_progress_cache_impl.cc(189)] Cache is not initialized, cannot RetrieveEntry.
May 15, 2018 24:27:06.67 [7764:15452:0515/002706.023:ERROR:in_progress_cache_impl.cc(189)] Cache is not initialized, cannot RetrieveEntry.
May 15, 2018 24:27:06.68 [7764:15452:0515/002706.023:ERROR:in_progress_cache_impl.cc(189)] Cache is not initialized, cannot RetrieveEntry.
May 15, 2018 24:27:06.70 [7764:15452:0515/002706.023:ERROR:in_progress_cache_impl.cc(189)] Cache is not initialized, cannot RetrieveEntry.
May 15, 2018 24:27:06.70 [7764:15452:0515/002706.023:ERROR:in_progress_cache_impl.cc(189)] Cache is not initialized, cannot RetrieveEntry.
May 15, 2018 24:27:06.72 [7764:15452:0515/002706.023:ERROR:in_progress_cache_impl.cc(189)] Cache is not initialized, cannot RetrieveEntry.
May 15, 2018 24:27:06.76 [7764:15452:0515/002706.023:ERROR:in_progress_cache_impl.cc(189)] Cache is not initialized, cannot RetrieveEntry.
May 15, 2018 24:27:06.79 [7764:15452:0515/002706.023:ERROR:in_progress_cache_impl.cc(189)] Cache is not initialized, cannot RetrieveEntry.
May 15, 2018 24:27:06.80 [7764:15452:0515/002706.023:ERROR:in_progress_cache_impl.cc(189)] Cache is not initialized, cannot RetrieveEntry.
May 15, 2018 24:27:06.81 [7764:15452:0515/002706.023:ERROR:in_progress_cache_impl.cc(189)] Cache is not initialized, cannot RetrieveEntry.
May 15, 2018 24:27:06.82 [7764:15452:0515/002706.023:ERROR:in_progress_cache_impl.cc(189)] Cache is not initialized, cannot RetrieveEntry.
May 15, 2018 24:27:06.83 [7764:15452:0515/002706.023:ERROR:in_progress_cache_impl.cc(189)] Cache is not initialized, cannot RetrieveEntry.
May 15, 2018 24:27:06.83 [7764:15452:0515/002706.023:ERROR:in_progress_cache_impl.cc(189)] Cache is not initialized, cannot RetrieveEntry.
May 15, 2018 24:27:06.84 [7764:15452:0515/002706.033:ERROR:in_progress_cache_impl.cc(189)] Cache is not initialized, cannot RetrieveEntry.
May 15, 2018 24:27:06.85 [7764:15452:0515/002706.033:ERROR:in_progress_cache_impl.cc(189)] Cache is not initialized, cannot RetrieveEntry.
May 15, 2018 24:27:06.86 [7764:15452:0515/002706.033:ERROR:in_progress_cache_impl.cc(189)] Cache is not initialized, cannot RetrieveEntry.
May 15, 2018 24:27:06.87 [7764:15452:0515/002706.033:ERROR:in_progress_cache_impl.cc(189)] Cache is not initialized, cannot RetrieveEntry.
May 15, 2018 24:27:06.88 [7764:15452:0515/002706.033:ERROR:in_progress_cache_impl.cc(189)] Cache is not initialized, cannot RetrieveEntry.
May 15, 2018 24:27:06.90 [7764:15452:0515/002706.033:ERROR:in_progress_cache_impl.cc(189)] Cache is not initialized, cannot RetrieveEntry.
May 15, 2018 24:27:06.92 [7764:15452:0515/002706.043:ERROR:gpu_process_transport_factory.cc(1007)] Lost UI shared context.
May 15, 2018 24:28:28.32 Unable to read VR Path Registry from C:\Users\mohan\AppData\Local\openvr\openvrpaths.vrpath

May 18, 2018 13:59:11.02 NEW SESSION
May 18, 2018 13:59:11.02 [13184:10512:0518/135911.028:ERROR:in_progress_cache_impl.cc(93)] Could not read download entries from file because there was a read failure.
May 18, 2018 13:59:11.35 [13184:15696:0518/135911.212:ERROR:in_progress_cache_impl.cc(189)] Cache is not initialized, cannot RetrieveEntry.
May 18, 2018 13:59:11.41 [13184:15696:0518/135911.212:ERROR:in_progress_cache_impl.cc(189)] Cache is not initialized, cannot RetrieveEntry.
May 18, 2018 13:59:11.45 [13184:15696:0518/135911.212:ERROR:in_progress_cache_impl.cc(189)] Cache is not initialized, cannot RetrieveEntry.
May 18, 2018 13:59:11.47 [13184:15696:0518/135911.212:ERROR:in_progress_cache_impl.cc(189)] Cache is not initialized, cannot RetrieveEntry.
May 18, 2018 13:59:11.48 [13184:15696:0518/135911.212:ERROR:in_progress_cache_impl.cc(189)] Cache is not initialized, cannot RetrieveEntry.
May 18, 2018 13:59:11.49 [13184:15696:0518/135911.212:ERROR:in_progress_cache_impl.cc(189)] Cache is not initialized, cannot RetrieveEntry.
May 18, 2018 13:59:11.50 [13184:15696:0518/135911.212:ERROR:in_progress_cache_impl.cc(189)] Cache is not initialized, cannot RetrieveEntry.
May 18, 2018 13:59:11.75 [13184:15696:0518/135911.758:ERROR:gpu_process_transport_factory.cc(1007)] Lost UI shared context.
May 18, 2018 14:02:49.91 [15004:6884:0518/140249.910:ERROR:in_progress_cache_impl.cc(189)] Cache is not initialized, cannot RetrieveEntry.
May 18, 2018 14:02:50.04 [15004:6884:0518/140249.910:ERROR:in_progress_cache_impl.cc(189)] Cache is not initialized, cannot RetrieveEntry.
May 18, 2018 14:02:50.16 [15004:6884:0518/140249.910:ERROR:in_progress_cache_impl.cc(189)] Cache is not initialized, cannot RetrieveEntry.
May 18, 2018 14:02:50.23 [15004:6884:0518/140249.910:ERROR:in_progress_cache_impl.cc(189)] Cache is not initialized, cannot RetrieveEntry.
May 18, 2018 14:02:50.25 [15004:6884:0518/140249.910:ERROR:in_progress_cache_impl.cc(189)] Cache is not initialized, cannot RetrieveEntry.
May 18, 2018 14:02:50.27 [15004:6884:0518/140249.910:ERROR:in_progress_cache_impl.cc(189)] Cache is not initialized, cannot RetrieveEntry.
May 18, 2018 14:02:50.35 [15004:6884:0518/140249.910:ERROR:in_progress_cache_impl.cc(189)] Cache is not initialized, cannot RetrieveEntry.
May 18, 2018 14:02:50.39 [15004:6884:0518/140249.925:ERROR:gpu_process_transport_factory.cc(1007)] Lost UI shared context.
May 18, 2018 14:02:50.42 [15004:7068:0518/140249.925:ERROR:in_progress_cache_impl.cc(93)] Could not read download entries from file because there was a read failure.
May 18, 2018 14:12:41.27 Unable to read VR Path Registry from C:\Users\mohan\AppData\Local\openvr\openvrpaths.vrpath
May 18, 2018 14:12:41.28 [15004:6884:0518/141241.277:ERROR:CONSOLE(6)] "Uncaught ReferenceError: gbar is not defined", source: https://clients5.google.com/pagead/drt/dn/ (6)
May 18, 2018 14:15:36.39 [15004:6884:0518/141536.398:ERROR:CONSOLE(6)] "Uncaught ReferenceError: gbar is not defined", source: https://clients5.google.com/pagead/drt/dn/ (6)
May 18, 2018 14:19:40.80 [15004:6884:0518/141940.807:ERROR:CONSOLE(6)] "Uncaught ReferenceError: gbar is not defined", source: https://clients5.google.com/pagead/drt/dn/ (6)
May 18, 2018 14:23:21.45 [15004:6884:0518/142321.449:ERROR:CONSOLE(6)] "Uncaught ReferenceError: gbar is not defined", source: https://clients5.google.com/pagead/drt/dn/ (6)
May 18, 2018 14:37:13.17 [12440:16232:0518/143713.166:ERROR:in_progress_cache_impl.cc(93)] Could not read download entries from file because there was a read failure.
May 18, 2018 14:37:13.28 [12440:10924:0518/143713.176:ERROR:in_progress_cache_impl.cc(189)] Cache is not initialized, cannot RetrieveEntry.
May 18, 2018 14:37:13.48 [12440:10924:0518/143713.176:ERROR:in_progress_cache_impl.cc(189)] Cache is not initialized, cannot RetrieveEntry.
May 18, 2018 14:37:13.53 [12440:10924:0518/143713.176:ERROR:in_progress_cache_impl.cc(189)] Cache is not initialized, cannot RetrieveEntry.
May 18, 2018 14:37:13.57 [12440:10924:0518/143713.176:ERROR:in_progress_cache_impl.cc(189)] Cache is not initialized, cannot RetrieveEntry.
May 18, 2018 14:37:13.62 [12440:10924:0518/143713.176:ERROR:in_progress_cache_impl.cc(189)] Cache is not initialized, cannot RetrieveEntry.
May 18, 2018 14:37:13.68 [12440:10924:0518/143713.176:ERROR:in_progress_cache_impl.cc(189)] Cache is not initialized, cannot RetrieveEntry.
May 18, 2018 14:37:13.72 [12440:10924:0518/143713.176:ERROR:in_progress_cache_impl.cc(189)] Cache is not initialized, cannot RetrieveEntry.
May 18, 2018 14:37:13.77 [12440:10924:0518/143713.651:ERROR:gpu_process_transport_factory.cc(1007)] Lost UI shared context.
May 18, 2018 14:44:56.45 Unable to read VR Path Registry from C:\Users\mohan\AppData\Local\openvr\openvrpaths.vrpath
May 18, 2018 14:44:56.46 [12440:10924:0518/144456.457:ERROR:CONSOLE(6)] "Uncaught ReferenceError: gbar is not defined", source: https://clients5.google.com/pagead/drt/dn/ (6)

May 18, 2018 17:16:26.30 NEW SESSION
May 18, 2018 17:16:26.30 [12040:2136:0518/171626.299:ERROR:in_progress_cache_impl.cc(189)] Cache is not initialized, cannot RetrieveEntry.
May 18, 2018 17:16:26.67 [12040:2136:0518/171626.299:ERROR:in_progress_cache_impl.cc(189)] Cache is not initialized, cannot RetrieveEntry.
May 18, 2018 17:16:26.78 [12040:2136:0518/171626.299:ERROR:in_progress_cache_impl.cc(189)] Cache is not initialized, cannot RetrieveEntry.
May 18, 2018 17:16:26.89 [12040:13544:0518/171626.353:ERROR:in_progress_cache_impl.cc(93)] Could not read download entries from file because there was a read failure.
May 18, 2018 17:16:27.06 [12040:2136:0518/171627.063:ERROR:gpu_process_transport_factory.cc(1007)] Lost UI shared context.

May 18, 2018 18:37:50.86 NEW SESSION
May 18, 2018 18:37:50.86 [15132:13036:0518/183750.869:ERROR:in_progress_cache_impl.cc(93)] Could not read download entries from file because there was a read failure.
May 18, 2018 18:37:50.97 [15132:10896:0518/183750.970:ERROR:in_progress_cache_impl.cc(189)] Cache is not initialized, cannot RetrieveEntry.
May 18, 2018 18:37:51.02 [15132:10896:0518/183750.970:ERROR:in_progress_cache_impl.cc(189)] Cache is not initialized, cannot RetrieveEntry.
May 18, 2018 18:37:51.08 [15132:10896:0518/183750.970:ERROR:in_progress_cache_impl.cc(189)] Cache is not initialized, cannot RetrieveEntry.
May 18, 2018 18:37:52.55 [15132:10896:0518/183752.552:ERROR:gpu_process_transport_factory.cc(1007)] Lost UI shared context.
May 18, 2018 18:48:22.09 Unable to read VR Path Registry from C:\Users\mohan\AppData\Local\openvr\openvrpaths.vrpath

May 19, 2018 12:32:02.48 NEW SESSION
May 19, 2018 12:32:02.48 [10320:12156:0519/123202.406:ERROR:in_progress_cache_impl.cc(93)] Could not read download entries from file because there was a read failure.
May 19, 2018 12:32:06.24 [10320:10388:0519/123206.247:ERROR:gpu_process_transport_factory.cc(1007)] Lost UI shared context.

May 19, 2018 13:45:01.43 NEW SESSION
May 19, 2018 13:45:01.43 [5560:5284:0519/134501.432:ERROR:in_progress_cache_impl.cc(93)] Could not read download entries from file because there was a read failure.
May 19, 2018 13:45:01.84 [5560:15652:0519/134501.840:ERROR:gpu_process_transport_factory.cc(1007)] Lost UI shared context.
May 19, 2018 13:45:36.66 [5560:15652:0519/134536.665:ERROR:CONSOLE(6)] "Uncaught ReferenceError: gbar is not defined", source: https://clients5.google.com/pagead/drt/dn/ (6)

May 25, 2018 06:58:03.85 NEW SESSION
May 25, 2018 06:58:03.85 [13036:7644:0525/065803.825:ERROR:in_progress_cache_impl.cc(93)] Could not read download entries from file because there was a read failure.
May 25, 2018 06:58:03.98 [13036:2012:0525/065803.832:ERROR:in_progress_cache_impl.cc(189)] Cache is not initialized, cannot RetrieveEntry.
May 25, 2018 06:58:04.01 [13036:2012:0525/065803.833:ERROR:in_progress_cache_impl.cc(189)] Cache is not initialized, cannot RetrieveEntry.
May 25, 2018 06:58:04.09 [13036:2012:0525/065803.833:ERROR:in_progress_cache_impl.cc(189)] Cache is not initialized, cannot RetrieveEntry.
May 25, 2018 06:58:04.14 [13036:2012:0525/065803.833:ERROR:in_progress_cache_impl.cc(189)] Cache is not initialized, cannot RetrieveEntry.
May 25, 2018 06:58:04.19 [13036:2012:0525/065803.833:ERROR:in_progress_cache_impl.cc(189)] Cache is not initialized, cannot RetrieveEntry.
May 25, 2018 06:58:04.21 [13036:2012:0525/065803.833:ERROR:in_progress_cache_impl.cc(189)] Cache is not initialized, cannot RetrieveEntry.
May 25, 2018 06:58:04.25 [13036:2012:0525/065803.833:ERROR:in_progress_cache_impl.cc(189)] Cache is not initialized, cannot RetrieveEntry.
May 25, 2018 06:58:04.31 [13036:2012:0525/065803.833:ERROR:in_progress_cache_impl.cc(189)] Cache is not initialized, cannot RetrieveEntry.
May 25, 2018 06:58:04.32 [13036:2012:0525/065803.833:ERROR:in_progress_cache_impl.cc(189)] Cache is not initialized, cannot RetrieveEntry.
May 25, 2018 06:58:04.34 [13036:2012:0525/065803.833:ERROR:in_progress_cache_impl.cc(189)] Cache is not initialized, cannot RetrieveEntry.
May 25, 2018 06:58:04.35 [13036:2012:0525/065803.833:ERROR:in_progress_cache_impl.cc(189)] Cache is not initialized, cannot RetrieveEntry.
May 25, 2018 06:58:04.36 [13036:2012:0525/065803.833:ERROR:in_progress_cache_impl.cc(189)] Cache is not initialized, cannot RetrieveEntry.
May 25, 2018 06:58:04.38 [13036:2012:0525/065803.833:ERROR:in_progress_cache_impl.cc(189)] Cache is not initialized, cannot RetrieveEntry.
May 25, 2018 06:58:04.39 [13036:2012:0525/065804.255:ERROR:gpu_process_transport_factory.cc(1007)] Lost UI shared context.
May 25, 2018 06:59:04.63 Unable to read VR Path Registry from C:\Users\mohan\AppData\Local\openvr\openvrpaths.vrpath
May 25, 2018 06:59:31.09 [10400:11460:0525/065931.098:ERROR:in_progress_cache_impl.cc(189)] Cache is not initialized, cannot RetrieveEntry.
May 25, 2018 06:59:31.15 [10400:11460:0525/065931.098:ERROR:in_progress_cache_impl.cc(189)] Cache is not initialized, cannot RetrieveEntry.
May 25, 2018 06:59:31.25 [10400:11460:0525/065931.098:ERROR:in_progress_cache_impl.cc(189)] Cache is not initialized, cannot RetrieveEntry.
May 25, 2018 06:59:31.34 [10400:11460:0525/065931.098:ERROR:in_progress_cache_impl.cc(189)] Cache is not initialized, cannot RetrieveEntry.
May 25, 2018 06:59:31.54 [10400:11460:0525/065931.098:ERROR:in_progress_cache_impl.cc(189)] Cache is not initialized, cannot RetrieveEntry.
May 25, 2018 06:59:31.57 [10400:11460:0525/065931.098:ERROR:in_progress_cache_impl.cc(189)] Cache is not initialized, cannot RetrieveEntry.
May 25, 2018 06:59:31.63 [10400:11460:0525/065931.098:ERROR:in_progress_cache_impl.cc(189)] Cache is not initialized, cannot RetrieveEntry.
May 25, 2018 06:59:31.66 [10400:11460:0525/065931.098:ERROR:in_progress_cache_impl.cc(189)] Cache is not initialized, cannot RetrieveEntry.
May 25, 2018 06:59:31.71 [10400:11460:0525/065931.098:ERROR:in_progress_cache_impl.cc(189)] Cache is not initialized, cannot RetrieveEntry.
May 25, 2018 06:59:31.72 [10400:11460:0525/065931.098:ERROR:in_progress_cache_impl.cc(189)] Cache is not initialized, cannot RetrieveEntry.
May 25, 2018 06:59:31.73 [10400:11460:0525/065931.098:ERROR:in_progress_cache_impl.cc(189)] Cache is not initialized, cannot RetrieveEntry.
May 25, 2018 06:59:31.75 [10400:11460:0525/065931.098:ERROR:in_progress_cache_impl.cc(189)] Cache is not initialized, cannot RetrieveEntry.
May 25, 2018 06:59:31.77 [10400:11460:0525/065931.098:ERROR:in_progress_cache_impl.cc(189)] Cache is not initialized, cannot RetrieveEntry.
May 25, 2018 06:59:31.78 [10400:15988:0525/065931.112:ERROR:in_progress_cache_impl.cc(93)] Could not read download entries from file because there was a read failure.
May 25, 2018 06:59:31.79 [10400:11460:0525/065931.653:ERROR:gpu_process_transport_factory.cc(1007)] Lost UI shared context.
May 25, 2018 07:00:02.17 [16628:16632:0525/070002.172:ERROR:in_progress_cache_impl.cc(189)] Cache is not initialized, cannot RetrieveEntry.
May 25, 2018 07:00:02.23 [16628:16632:0525/070002.172:ERROR:in_progress_cache_impl.cc(189)] Cache is not initialized, cannot RetrieveEntry.
May 25, 2018 07:00:02.36 [16628:16632:0525/070002.172:ERROR:in_progress_cache_impl.cc(189)] Cache is not initialized, cannot RetrieveEntry.
May 25, 2018 07:00:02.40 [16628:16632:0525/070002.172:ERROR:in_progress_cache_impl.cc(189)] Cache is not initialized, cannot RetrieveEntry.
May 25, 2018 07:00:02.44 [16628:16632:0525/070002.172:ERROR:in_progress_cache_impl.cc(189)] Cache is not initialized, cannot RetrieveEntry.
May 25, 2018 07:00:02.49 [16628:16632:0525/070002.172:ERROR:in_progress_cache_impl.cc(189)] Cache is not initialized, cannot RetrieveEntry.
May 25, 2018 07:00:02.60 [16628:16632:0525/070002.172:ERROR:in_progress_cache_impl.cc(189)] Cache is not initialized, cannot RetrieveEntry.
May 25, 2018 07:00:02.63 [16628:16632:0525/070002.172:ERROR:in_progress_cache_impl.cc(189)] Cache is not initialized, cannot RetrieveEntry.
May 25, 2018 07:00:02.66 [16628:16632:0525/070002.172:ERROR:in_progress_cache_impl.cc(189)] Cache is not initialized, cannot RetrieveEntry.
May 25, 2018 07:00:02.68 [16628:16632:0525/070002.172:ERROR:in_progress_cache_impl.cc(189)] Cache is not initialized, cannot RetrieveEntry.
May 25, 2018 07:00:02.70 [16628:16632:0525/070002.172:ERROR:in_progress_cache_impl.cc(189)] Cache is not initialized, cannot RetrieveEntry.
May 25, 2018 07:00:02.70 [16628:16632:0525/070002.172:ERROR:in_progress_cache_impl.cc(189)] Cache is not initialized, cannot RetrieveEntry.
May 25, 2018 07:00:02.71 [16628:16632:0525/070002.172:ERROR:in_progress_cache_impl.cc(189)] Cache is not initialized, cannot RetrieveEntry.
May 25, 2018 07:00:02.74 [16628:10396:0525/070002.181:ERROR:in_progress_cache_impl.cc(93)] Could not read download entries from file because there was a read failure.
May 25, 2018 07:00:02.77 [16628:16632:0525/070002.583:ERROR:gpu_process_transport_factory.cc(1007)] Lost UI shared context.
May 25, 2018 07:08:05.25 [13816:12248:0525/070805.255:ERROR:in_progress_cache_impl.cc(93)] Could not read download entries from file because there was a read failure.
May 25, 2018 07:08:05.32 [13816:7376:0525/070805.273:ERROR:in_progress_cache_impl.cc(189)] Cache is not initialized, cannot RetrieveEntry.
May 25, 2018 07:08:05.46 [13816:7376:0525/070805.273:ERROR:in_progress_cache_impl.cc(189)] Cache is not initialized, cannot RetrieveEntry.
May 25, 2018 07:08:05.51 [13816:7376:0525/070805.273:ERROR:in_progress_cache_impl.cc(189)] Cache is not initialized, cannot RetrieveEntry.
May 25, 2018 07:08:05.55 [13816:7376:0525/070805.273:ERROR:in_progress_cache_impl.cc(189)] Cache is not initialized, cannot RetrieveEntry.
May 25, 2018 07:08:05.63 [13816:7376:0525/070805.273:ERROR:in_progress_cache_impl.cc(189)] Cache is not initialized, cannot RetrieveEntry.
May 25, 2018 07:08:05.66 [13816:7376:0525/070805.273:ERROR:in_progress_cache_impl.cc(189)] Cache is not initialized, cannot RetrieveEntry.
May 25, 2018 07:08:05.68 [13816:7376:0525/070805.273:ERROR:in_progress_cache_impl.cc(189)] Cache is not initialized, cannot RetrieveEntry.
May 25, 2018 07:08:05.71 [13816:7376:0525/070805.273:ERROR:in_progress_cache_impl.cc(189)] Cache is not initialized, cannot RetrieveEntry.
May 25, 2018 07:08:05.72 [13816:7376:0525/070805.273:ERROR:in_progress_cache_impl.cc(189)] Cache is not initialized, cannot RetrieveEntry.
May 25, 2018 07:08:05.75 [13816:7376:0525/070805.273:ERROR:in_progress_cache_impl.cc(189)] Cache is not initialized, cannot RetrieveEntry.
May 25, 2018 07:08:05.77 [13816:7376:0525/070805.273:ERROR:in_progress_cache_impl.cc(189)] Cache is not initialized, cannot RetrieveEntry.
May 25, 2018 07:08:05.78 [13816:7376:0525/070805.273:ERROR:in_progress_cache_impl.cc(189)] Cache is not initialized, cannot RetrieveEntry.
May 25, 2018 07:08:05.79 [13816:7376:0525/070805.273:ERROR:in_progress_cache_impl.cc(189)] Cache is not initialized, cannot RetrieveEntry.
May 25, 2018 07:08:05.80 [13816:7376:0525/070805.661:ERROR:gpu_process_transport_factory.cc(1007)] Lost UI shared context.
May 25, 2018 07:13:23.07 Unable to read VR Path Registry from C:\Users\mohan\AppData\Local\openvr\openvrpaths.vrpath
May 25, 2018 07:13:23.08 [13816:7376:0525/071323.076:ERROR:CONSOLE(759)] "Uncaught TypeError: Cannot read property 'b' of null", source: https://www.google.com/xjs/_/js/k=xjs.ntp.en_US.C8xdEmTKz24.O/m=sx,jsa,ntp,d,csi/am=gAgSMw/rt=j/d=1/rs=ACT90oGU-dCktcBXmKVx_t1efsQm21R08Q (759)
May 25, 2018 07:13:24.12 [13816:7376:0525/071324.127:ERROR:CONSOLE(6)] "Uncaught ReferenceError: gbar is not defined", source: https://clients5.google.com/pagead/drt/dn/ (6)

May 25, 2018 11:35:19.98 NEW SESSION
May 25, 2018 11:35:19.98 [4968:10456:0525/113519.977:ERROR:in_progress_cache_impl.cc(189)] Cache is not initialized, cannot RetrieveEntry.
May 25, 2018 11:35:20.04 [4968:10456:0525/113519.977:ERROR:in_progress_cache_impl.cc(189)] Cache is not initialized, cannot RetrieveEntry.
May 25, 2018 11:35:20.17 [4968:10456:0525/113519.977:ERROR:in_progress_cache_impl.cc(189)] Cache is not initialized, cannot RetrieveEntry.
May 25, 2018 11:35:20.25 [4968:10456:0525/113519.977:ERROR:in_progress_cache_impl.cc(189)] Cache is not initialized, cannot RetrieveEntry.
May 25, 2018 11:35:20.31 [4968:10456:0525/113519.977:ERROR:in_progress_cache_impl.cc(189)] Cache is not initialized, cannot RetrieveEntry.
May 25, 2018 11:35:20.35 [4968:10456:0525/113519.977:ERROR:in_progress_cache_impl.cc(189)] Cache is not initialized, cannot RetrieveEntry.
May 25, 2018 11:35:20.38 [4968:10456:0525/113519.977:ERROR:in_progress_cache_impl.cc(189)] Cache is not initialized, cannot RetrieveEntry.
May 25, 2018 11:35:20.40 [4968:10456:0525/113519.977:ERROR:in_progress_cache_impl.cc(189)] Cache is not initialized, cannot RetrieveEntry.
May 25, 2018 11:35:20.41 [4968:10456:0525/113519.977:ERROR:in_progress_cache_impl.cc(189)] Cache is not initialized, cannot RetrieveEntry.
May 25, 2018 11:35:20.43 [4968:10456:0525/113519.977:ERROR:in_progress_cache_impl.cc(189)] Cache is not initialized, cannot RetrieveEntry.
May 25, 2018 11:35:20.45 [4968:10456:0525/113519.977:ERROR:in_progress_cache_impl.cc(189)] Cache is not initialized, cannot RetrieveEntry.
May 25, 2018 11:35:20.46 [4968:10456:0525/113519.977:ERROR:in_progress_cache_impl.cc(189)] Cache is not initialized, cannot RetrieveEntry.
May 25, 2018 11:35:20.47 [4968:10456:0525/113519.977:ERROR:in_progress_cache_impl.cc(189)] Cache is not initialized, cannot RetrieveEntry.
May 25, 2018 11:35:20.48 [4968:10456:0525/113519.977:ERROR:in_progress_cache_impl.cc(189)] Cache is not initialized, cannot RetrieveEntry.
May 25, 2018 11:35:20.49 [4968:10456:0525/113519.977:ERROR:in_progress_cache_impl.cc(189)] Cache is not initialized, cannot RetrieveEntry.
May 25, 2018 11:35:20.50 [4968:8276:0525/113519.991:ERROR:in_progress_cache_impl.cc(93)] Could not read download entries from file because there was a read failure.
May 25, 2018 11:35:20.51 [4968:10456:0525/113520.286:ERROR:gpu_process_transport_factory.cc(1007)] Lost UI shared context.

May 26, 2018 11:20:35.98 NEW SESSION
May 26, 2018 11:20:35.98 [11128:2880:0526/112035.765:ERROR:in_progress_cache_impl.cc(93)] Could not read download entries from file because there was a read failure.
May 26, 2018 11:20:38.18 [11128:1756:0526/112038.184:ERROR:gpu_process_transport_factory.cc(1007)] Lost UI shared context.

May 26, 2018 14:02:20.89 NEW SESSION
May 26, 2018 14:02:20.89 [12692:2320:0526/140220.893:ERROR:in_progress_cache_impl.cc(189)] Cache is not initialized, cannot RetrieveEntry.
May 26, 2018 14:02:21.06 [12692:9236:0526/140220.910:ERROR:in_progress_cache_impl.cc(93)] Could not read download entries from file because there was a read failure.
May 26, 2018 14:02:21.24 [12692:2320:0526/140221.240:ERROR:gpu_process_transport_factory.cc(1007)] Lost UI shared context.
May 26, 2018 14:06:42.12 [13608:13468:0526/140642.121:ERROR:in_progress_cache_impl.cc(189)] Cache is not initialized, cannot RetrieveEntry.
May 26, 2018 14:06:42.17 [13608:1268:0526/140642.136:ERROR:in_progress_cache_impl.cc(93)] Could not read download entries from file because there was a read failure.
May 26, 2018 14:06:42.45 [13608:13468:0526/140642.455:ERROR:gpu_process_transport_factory.cc(1007)] Lost UI shared context.
May 26, 2018 14:19:17.12 Unable to read VR Path Registry from C:\Users\mohan\AppData\Local\openvr\openvrpaths.vrpath
May 26, 2018 14:19:50.35 [9276:9180:0526/141950.349:ERROR:in_progress_cache_impl.cc(189)] Cache is not initialized, cannot RetrieveEntry.
May 26, 2018 14:19:50.48 [9276:13068:0526/141950.388:ERROR:in_progress_cache_impl.cc(93)] Could not read download entries from file because there was a read failure.
May 26, 2018 14:19:50.87 [9276:9180:0526/141950.878:ERROR:gpu_process_transport_factory.cc(1007)] Lost UI shared context.
May 26, 2018 14:20:28.37 [12976:6048:0526/142028.369:ERROR:in_progress_cache_impl.cc(189)] Cache is not initialized, cannot RetrieveEntry.
May 26, 2018 14:20:28.47 [12976:5284:0526/142028.420:ERROR:in_progress_cache_impl.cc(93)] Could not read download entries from file because there was a read failure.
May 26, 2018 14:20:29.22 [12976:6048:0526/142029.221:ERROR:gpu_process_transport_factory.cc(1007)] Lost UI shared context.

May 27, 2018 14:47:50.76 NEW SESSION
May 27, 2018 14:47:50.76 [11316:7600:0527/144750.729:ERROR:in_progress_cache_impl.cc(93)] Could not read download entries from file because there was a read failure.
May 27, 2018 14:47:50.96 [11316:15396:0527/144750.745:ERROR:in_progress_cache_impl.cc(189)] Cache is not initialized, cannot RetrieveEntry.
May 27, 2018 14:47:51.00 [11316:15396:0527/144750.745:ERROR:in_progress_cache_impl.cc(189)] Cache is not initialized, cannot RetrieveEntry.
May 27, 2018 14:47:51.16 [11316:15396:0527/144751.164:ERROR:gpu_process_transport_factory.cc(1007)] Lost UI shared context.
May 27, 2018 14:48:13.02 [11316:15396:0527/144813.021:ERROR:CONSOLE(761)] "Uncaught TypeError: Cannot read property 'b' of null", source: https://www.google.com/xjs/_/js/k=xjs.ntp.en_US.4JEq6NIPOCY.O/m=sx,jsa,ntp,d,csi/am=gAgSMw/rt=j/d=1/rs=ACT90oGmcAW5XA4yhGQRyZR_wRqm9_fi3w (761)
May 27, 2018 14:48:13.34 [11316:15396:0527/144813.348:ERROR:CONSOLE(6)] "Uncaught ReferenceError: gbar is not defined", source: https://clients5.google.com/pagead/drt/dn/ (6)
May 27, 2018 14:50:23.68 Unable to read VR Path Registry from C:\Users\mohan\AppData\Local\openvr\openvrpaths.vrpath
May 27, 2018 14:50:23.69 [11316:15396:0527/145023.688:ERROR:CONSOLE(6)] "Uncaught ReferenceError: gbar is not defined", source: https://clients5.google.com/pagead/drt/dn/ (6)
May 27, 2018 14:50:56.13 [11316:15396:0527/145056.133:ERROR:CONSOLE(6)] "Uncaught ReferenceError: gbar is not defined", source: https://clients5.google.com/pagead/drt/dn/ (6)
May 27, 2018 14:51:40.70 [11316:15396:0527/145140.706:ERROR:CONSOLE(6)] "Uncaught ReferenceError: gbar is not defined", source: https://clients5.google.com/pagead/drt/dn/ (6)
May 27, 2018 14:51:53.02 [11316:15396:0527/145153.029:ERROR:CONSOLE(6)] "Uncaught ReferenceError: gbar is not defined", source: https://clients5.google.com/pagead/drt/dn/ (6)
May 27, 2018 14:52:30.14 [11316:15396:0527/145230.144:ERROR:CONSOLE(6)] "Uncaught ReferenceError: gbar is not defined", source: https://clients5.google.com/pagead/drt/dn/ (6)
May 27, 2018 14:53:06.53 [11316:15396:0527/145306.531:ERROR:CONSOLE(6)] "Uncaught ReferenceError: gbar is not defined", source: https://clients5.google.com/pagead/drt/dn/ (6)

May 28, 2018 10:34:08.85 NEW SESSION
May 28, 2018 10:34:08.85 [14684:5632:0528/103408.851:ERROR:in_progress_cache_impl.cc(93)] Could not read download entries from file because there was a read failure.
May 28, 2018 10:34:09.23 [14684:1200:0528/103409.236:ERROR:gpu_process_transport_factory.cc(1007)] Lost UI shared context.
May 28, 2018 10:47:31.07 Unable to read VR Path Registry from C:\Users\mohan\AppData\Local\openvr\openvrpaths.vrpath
May 28, 2018 10:47:31.08 [14684:1200:0528/104731.071:ERROR:CONSOLE(6)] "Uncaught ReferenceError: gbar is not defined", source: https://clients5.google.com/pagead/drt/dn/ (6)
May 28, 2018 10:55:22.44 [13004:15844:0528/105522.444:ERROR:in_progress_cache_impl.cc(93)] Could not read download entries from file because there was a read failure.
May 28, 2018 10:55:22.89 [13004:12180:0528/105522.892:ERROR:gpu_process_transport_factory.cc(1007)] Lost UI shared context.
May 28, 2018 10:59:09.58 Unable to read VR Path Registry from C:\Users\mohan\AppData\Local\openvr\openvrpaths.vrpath
May 28, 2018 10:59:16.65 [16112:7940:0528/105916.653:ERROR:in_progress_cache_impl.cc(93)] Could not read download entries from file because there was a read failure.
May 28, 2018 10:59:16.97 [16112:9484:0528/105916.969:ERROR:gpu_process_transport_factory.cc(1007)] Lost UI shared context.
May 28, 2018 11:00:20.87 Unable to read VR Path Registry from C:\Users\mohan\AppData\Local\openvr\openvrpaths.vrpath
May 28, 2018 11:00:27.82 [10276:1400:0528/110027.823:ERROR:in_progress_cache_impl.cc(93)] Could not read download entries from file because there was a read failure.
May 28, 2018 11:00:28.24 [10276:2052:0528/110028.239:ERROR:gpu_process_transport_factory.cc(1007)] Lost UI shared context.
May 28, 2018 11:36:17.68 Unable to read VR Path Registry from C:\Users\mohan\AppData\Local\openvr\openvrpaths.vrpath
May 28, 2018 11:36:17.68 [10276:4716:0528/113617.681:ERROR:socket_stream.cc(210)] Closing stream with result -101
May 28, 2018 11:38:48.00 [10276:2052:0528/113848.004:ERROR:CONSOLE(6)] "Uncaught ReferenceError: gbar is not defined", source: https://clients5.google.com/pagead/drt/dn/ (6)
May 28, 2018 11:40:22.35 [10276:2052:0528/114022.355:ERROR:CONSOLE(6)] "Uncaught ReferenceError: gbar is not defined", source: https://clients5.google.com/pagead/drt/dn/ (6)
May 28, 2018 11:42:25.65 [10276:2052:0528/114225.656:ERROR:CONSOLE(6)] "Uncaught ReferenceError: gbar is not defined", source: https://clients5.google.com/pagead/drt/dn/ (6)
May 28, 2018 12:53:26.83 [10276:4716:0528/125326.838:ERROR:socket_stream.cc(210)] Closing stream with result -101
May 28, 2018 13:08:50.61 [10276:2052:0528/130850.611:ERROR:CONSOLE(6)] "Uncaught ReferenceError: gbar is not defined", source: https://clients5.google.com/pagead/drt/dn/ (6)
May 28, 2018 13:09:46.60 [10276:2052:0528/130946.601:ERROR:CONSOLE(6)] "Uncaught ReferenceError: gbar is not defined", source: https://clients5.google.com/pagead/drt/dn/ (6)

May 28, 2018 16:29:41.14 NEW SESSION
May 28, 2018 16:29:41.14 [7696:3704:0528/162941.147:ERROR:in_progress_cache_impl.cc(93)] Could not read download entries from file because there was a read failure.
May 28, 2018 16:29:44.71 [7696:5188:0528/162944.714:ERROR:gpu_process_transport_factory.cc(1007)] Lost UI shared context.
May 28, 2018 16:35:10.54 Unable to read VR Path Registry from C:\Users\mohan\AppData\Local\openvr\openvrpaths.vrpath
May 28, 2018 16:35:10.55 [7696:5188:0528/163510.543:ERROR:CONSOLE(761)] "Uncaught TypeError: Cannot read property 'b' of null", source: https://www.google.com/xjs/_/js/k=xjs.ntp.en_US.4JEq6NIPOCY.O/m=sx,jsa,ntp,d,csi/am=gAgSMw/rt=j/d=1/rs=ACT90oGmcAW5XA4yhGQRyZR_wRqm9_fi3w (761)
May 28, 2018 16:35:10.92 [7696:5188:0528/163510.925:ERROR:CONSOLE(6)] "Uncaught ReferenceError: gbar is not defined", source: https://clients5.google.com/pagead/drt/dn/ (6)
May 28, 2018 16:36:59.23 [7696:5188:0528/163659.238:ERROR:CONSOLE(6)] "Uncaught ReferenceError: gbar is not defined", source: https://clients5.google.com/pagead/drt/dn/ (6)
May 28, 2018 16:47:32.82 [3232:11772:0528/164732.827:ERROR:in_progress_cache_impl.cc(93)] Could not read download entries from file because there was a read failure.
May 28, 2018 16:47:33.24 [3232:15936:0528/164733.240:ERROR:gpu_process_transport_factory.cc(1007)] Lost UI shared context.
May 28, 2018 16:48:31.13 Unable to read VR Path Registry from C:\Users\mohan\AppData\Local\openvr\openvrpaths.vrpath
May 28, 2018 16:48:31.14 [3232:15936:0528/164831.135:ERROR:CONSOLE(6)] "Uncaught ReferenceError: gbar is not defined", source: https://clients5.google.com/pagead/drt/dn/ (6)
May 28, 2018 16:53:08.77 [3232:15936:0528/165308.774:ERROR:CONSOLE(6)] "Uncaught ReferenceError: gbar is not defined", source: https://clients5.google.com/pagead/drt/dn/ (6)

May 28, 2018 18:39:18.14 NEW SESSION
May 28, 2018 18:39:18.14 [9896:6492:0528/183918.141:ERROR:in_progress_cache_impl.cc(93)] Could not read download entries from file because there was a read failure.
May 28, 2018 18:39:19.92 [9896:13788:0528/183919.925:ERROR:gpu_process_transport_factory.cc(1007)] Lost UI shared context.
May 28, 2018 18:41:11.10 Unable to read VR Path Registry from C:\Users\mohan\AppData\Local\openvr\openvrpaths.vrpath
May 28, 2018 18:41:11.11 [9896:13788:0528/184111.105:ERROR:CONSOLE(6)] "Uncaught ReferenceError: gbar is not defined", source: https://clients5.google.com/pagead/drt/dn/ (6)
May 28, 2018 19:10:28.64 [9896:13788:0528/191028.640:ERROR:CONSOLE(6)] "Uncaught ReferenceError: gbar is not defined", source: https://clients5.google.com/pagead/drt/dn/ (6)
May 28, 2018 19:16:20.35 [9896:13788:0528/191620.357:ERROR:CONSOLE(6)] "Uncaught ReferenceError: gbar is not defined", source: https://clients5.google.com/pagead/drt/dn/ (6)
May 28, 2018 20:15:50.76 [9896:13788:0528/201550.767:ERROR:CONSOLE(6)] "Uncaught ReferenceError: gbar is not defined", source: https://clients5.google.com/pagead/drt/dn/ (6)
May 28, 2018 20:33:45.86 [9896:4888:0528/203345.863:ERROR:connection_factory_impl.cc(416)] Failed to connect to MCS endpoint with error -106
May 28, 2018 20:34:05.86 [9896:4888:0528/203405.867:ERROR:connection_factory_impl.cc(416)] Failed to connect to MCS endpoint with error -105
May 28, 2018 20:34:56.39 [9896:4888:0528/203456.395:ERROR:connection_factory_impl.cc(416)] Failed to connect to MCS endpoint with error -106
May 28, 2018 20:35:41.19 [9896:4888:0528/203541.197:ERROR:connection_factory_impl.cc(416)] Failed to connect to MCS endpoint with error -21
May 28, 2018 23:12:53.30 [9896:4888:0528/231253.306:ERROR:connection_factory_impl.cc(416)] Failed to connect to MCS endpoint with error -106
May 28, 2018 23:13:16.16 [9896:4888:0528/231316.165:ERROR:connection_factory_impl.cc(416)] Failed to connect to MCS endpoint with error -106

May 29, 2018 08:56:43.60 NEW SESSION
May 29, 2018 08:56:43.60 [5048:13820:0529/085643.603:ERROR:in_progress_cache_impl.cc(93)] Could not read download entries from file because there was a read failure.
May 29, 2018 08:56:46.92 [5048:15896:0529/085646.922:ERROR:gpu_process_transport_factory.cc(1007)] Lost UI shared context.
May 29, 2018 08:58:04.69 Unable to read VR Path Registry from C:\Users\mohan\AppData\Local\openvr\openvrpaths.vrpath
May 29, 2018 08:58:22.02 [9716:15136:0529/085822.024:ERROR:in_progress_cache_impl.cc(93)] Could not read download entries from file because there was a read failure.
May 29, 2018 08:58:22.37 [9716:580:0529/085822.377:ERROR:gpu_process_transport_factory.cc(1007)] Lost UI shared context.
May 29, 2018 09:00:42.64 Unable to read VR Path Registry from C:\Users\mohan\AppData\Local\openvr\openvrpaths.vrpath
May 29, 2018 09:00:42.65 [9716:580:0529/090042.647:ERROR:CONSOLE(761)] "Uncaught TypeError: Cannot read property 'b' of null", source: https://www.google.com/xjs/_/js/k=xjs.ntp.en_US.4JEq6NIPOCY.O/m=sx,jsa,ntp,d,csi/am=gAgSMw/rt=j/d=1/rs=ACT90oGmcAW5XA4yhGQRyZR_wRqm9_fi3w (761)
May 29, 2018 09:00:43.01 [9716:580:0529/090043.013:ERROR:CONSOLE(6)] "Uncaught ReferenceError: gbar is not defined", source: https://clients5.google.com/pagead/drt/dn/ (6)
May 29, 2018 09:30:48.49 [9716:580:0529/093048.498:ERROR:CONSOLE(6)] "Uncaught ReferenceError: gbar is not defined", source: https://clients5.google.com/pagead/drt/dn/ (6)
